<?xml version="1.0" encoding="UTF-8"?>
<testsuite xmlns:xsi="http://www.w3.org/2001/XMLSchema-instance" xsi:noNamespaceSchemaLocation="https://maven.apache.org/surefire/maven-surefire-plugin/xsd/surefire-test-report.xsd" name="runner.TestRunner" time="177.704" tests="12" errors="0" skipped="0" failures="1">
  <properties>
[...]
</properties>
  <testcase name="runScenario" classname="runner.TestRunner" time="10.104"/>
  <testcase name="runScenario" classname="runner.TestRunner" time="12.152"/>
  <testcase name="runScenario" classname="runner.TestRunner" time="9.559"/>
  <testcase name="runScenario" classname="runner.TestRunner" time="14.702"/>
  <testcase name="runScenario" classname="runner.TestRunner" time="43.611">
    <failure message="Cannot invoke &quot;Object.getClass()&quot; because &quot;exceptionDriver&quot; is null" type="java.lang.NullPointerException">java.lang.NullPointerException: Cannot invoke "Object.getClass()" because "exceptionDriver" is null
</failure>
    <system-out><![CDATA[
Scenario: Verify and Validate the login functionality without entering any credentials &amp#27;[90m# src/test/resources/features/Login.feature:31&amp#27;[0m
  &amp#27;[32mGiven &amp#27;[0m&amp#27;[32muser should navigate to the login page&amp#27;[0m                                         &amp#27;[90m# stepdefinations.Login.user_should_navigate_to_the_login_page()&amp#27;[0m
  &amp#27;[32mWhen &amp#27;[0m&amp#27;[32muser enters valid email address &amp#27;[0m&amp#27;[32m&amp#27;[1m""&amp#27;[0m                                              &amp#27;[90m# stepdefinations.Login.user_enters_valid_email_address(java.lang.String)&amp#27;[0m
  &amp#27;[32mAnd &amp#27;[0m&amp#27;[32muser enters valid password &amp#27;[0m&amp#27;[32m&amp#27;[1m""&amp#27;[0m                                                    &amp#27;[90m# stepdefinations.Login.user_enters_valid_password(java.lang.String)&amp#27;[0m
  &amp#27;[32mAnd &amp#27;[0m&amp#27;[32muser clicks on login button&amp#27;[0m                                                      &amp#27;[90m# stepdefinations.Login.user_clicks_on_login_button()&amp#27;[0m
  &amp#27;[31mThen &amp#27;[0m&amp#27;[31muser should able to log into the app successfully&amp#27;[0m                               &amp#27;[90m# stepdefinations.Login.user_should_able_to_log_into_the_app_successfully()&amp#27;[0m
      &amp#27;[31mjava.lang.NullPointerException: Cannot invoke "Object.getClass()" because "exceptionDriver" is null
	at org.openqa.selenium.support.ui.WebDriverWait.timeoutException(WebDriverWait.java:85)
	at org.openqa.selenium.support.ui.FluentWait.until(FluentWait.java:228)
	at utils.ElementsUtils.explicitWaitForVisibilityOfWebElements(ElementsUtils.java:43)
	at utils.ElementsUtils.fetchTextUsinggetText(ElementsUtils.java:102)
	at pages.MyAccountPage.editYourAccountInformationText(MyAccountPage.java:25)
	at stepdefinations.Login.user_should_able_to_log_into_the_app_successfully(Login.java:57)
	at âœ½.user should able to log into the app successfully(file:///C:/Users/rupeshkumar.suryawan/eclipse-workspace/BDDCucumberSeleniumJava/src/test/resources/features/Login.feature:36)
&amp#27;[0m

    Embedding Verify_and_Validate_the_login_functionality_without_entering_any_credentials [image/png 63333 bytes]

]]></system-out>
  </testcase>
  <testcase name="runScenario" classname="runner.TestRunner" time="16.011"/>
  <testcase name="runScenario" classname="runner.TestRunner" time="16.895"/>
  <testcase name="runScenario" classname="runner.TestRunner" time="14.774"/>
  <testcase name="runScenario" classname="runner.TestRunner" time="13.208"/>
  <testcase name="runScenario" classname="runner.TestRunner" time="8.337"/>
  <testcase name="runScenario" classname="runner.TestRunner" time="7.599"/>
  <testcase name="runScenario" classname="runner.TestRunner" time="7.865"/>
</testsuite>