<?xml version="1.0" encoding="UTF-8"?>
<testng-results ignored="0" total="10" passed="10" failed="0" skipped="0">
  <reporter-output>
  </reporter-output>
  <suite started-at="2024-04-10T18:02:05 IST" name="Default suite" finished-at="2024-04-10T18:04:24 IST" duration-ms="139066">
    <groups>
      <group name="cucumber">
        <method signature="AbstractTestNGCucumberTests.runScenario(io.cucumber.testng.PickleWrapper,io.cucumber.testng.FeatureWrapper)[pri:0, instance:runner.Runner@fbd1f6]" name="runScenario" class="io.cucumber.testng.AbstractTestNGCucumberTests"/>
      </group> <!-- cucumber -->
    </groups>
    <test started-at="2024-04-10T18:02:05 IST" name="Default test" finished-at="2024-04-10T18:04:24 IST" duration-ms="139066">
      <class name="runner.Runner">
        <test-method is-config="true" signature="setUpClass(org.testng.ITestContext)[pri:0, instance:runner.Runner@fbd1f6]" started-at="2024-04-10T18:02:05 IST" name="setUpClass" finished-at="2024-04-10T18:02:05 IST" duration-ms="203" status="PASS">
          <params>
            <param index="0">
              <value>
                <![CDATA[org.testng.TestRunner@1a2e0d57]]>
              </value>
            </param>
          </params>
          <reporter-output>
          </reporter-output>
        </test-method> <!-- setUpClass -->
        <test-method signature="runScenario(io.cucumber.testng.PickleWrapper,io.cucumber.testng.FeatureWrapper)[pri:0, instance:runner.Runner@fbd1f6]" started-at="2024-04-10T18:02:05 IST" name="runScenario" description="Runs Cucumber Scenarios" data-provider="scenarios" finished-at="2024-04-10T18:02:24 IST" duration-ms="18952" status="PASS">
          <params>
            <param index="0">
              <value>
                <![CDATA["Verify and Validate the login functionality with valid credentials"]]>
              </value>
            </param>
            <param index="1">
              <value>
                <![CDATA["Login Functionality"]]>
              </value>
            </param>
          </params>
          <reporter-output>
          </reporter-output>
        </test-method> <!-- runScenario -->
        <test-method signature="runScenario(io.cucumber.testng.PickleWrapper,io.cucumber.testng.FeatureWrapper)[pri:0, instance:runner.Runner@fbd1f6]" started-at="2024-04-10T18:02:24 IST" name="runScenario" description="Runs Cucumber Scenarios" data-provider="scenarios" finished-at="2024-04-10T18:02:53 IST" duration-ms="28399" status="PASS">
          <params>
            <param index="0">
              <value>
                <![CDATA["Verify and Validate the login functionality with invalid credentials"]]>
              </value>
            </param>
            <param index="1">
              <value>
                <![CDATA["Login Functionality"]]>
              </value>
            </param>
          </params>
          <reporter-output>
          </reporter-output>
        </test-method> <!-- runScenario -->
        <test-method signature="runScenario(io.cucumber.testng.PickleWrapper,io.cucumber.testng.FeatureWrapper)[pri:0, instance:runner.Runner@fbd1f6]" started-at="2024-04-10T18:02:53 IST" name="runScenario" description="Runs Cucumber Scenarios" data-provider="scenarios" finished-at="2024-04-10T18:03:07 IST" duration-ms="14186" status="PASS">
          <params>
            <param index="0">
              <value>
                <![CDATA["Verify and Validate the login functionality with valid email and invalid password"]]>
              </value>
            </param>
            <param index="1">
              <value>
                <![CDATA["Login Functionality"]]>
              </value>
            </param>
          </params>
          <reporter-output>
          </reporter-output>
        </test-method> <!-- runScenario -->
        <test-method signature="runScenario(io.cucumber.testng.PickleWrapper,io.cucumber.testng.FeatureWrapper)[pri:0, instance:runner.Runner@fbd1f6]" started-at="2024-04-10T18:03:07 IST" name="runScenario" description="Runs Cucumber Scenarios" data-provider="scenarios" finished-at="2024-04-10T18:03:22 IST" duration-ms="14583" status="PASS">
          <params>
            <param index="0">
              <value>
                <![CDATA["Verify and Validate the login functionality with invalid email and valid password"]]>
              </value>
            </param>
            <param index="1">
              <value>
                <![CDATA["Login Functionality"]]>
              </value>
            </param>
          </params>
          <reporter-output>
          </reporter-output>
        </test-method> <!-- runScenario -->
        <test-method signature="runScenario(io.cucumber.testng.PickleWrapper,io.cucumber.testng.FeatureWrapper)[pri:0, instance:runner.Runner@fbd1f6]" started-at="2024-04-10T18:03:22 IST" name="runScenario" description="Runs Cucumber Scenarios" data-provider="scenarios" finished-at="2024-04-10T18:03:32 IST" duration-ms="10405" status="PASS">
          <params>
            <param index="0">
              <value>
                <![CDATA["Verify and Validate the login functionality without entering any credentials"]]>
              </value>
            </param>
            <param index="1">
              <value>
                <![CDATA["Login Functionality"]]>
              </value>
            </param>
          </params>
          <reporter-output>
          </reporter-output>
        </test-method> <!-- runScenario -->
        <test-method signature="runScenario(io.cucumber.testng.PickleWrapper,io.cucumber.testng.FeatureWrapper)[pri:0, instance:runner.Runner@fbd1f6]" started-at="2024-04-10T18:03:32 IST" name="runScenario" description="Runs Cucumber Scenarios" data-provider="scenarios" finished-at="2024-04-10T18:03:45 IST" duration-ms="12830" status="PASS">
          <params>
            <param index="0">
              <value>
                <![CDATA["Verify and Validate the Registration functionality with mandatory details"]]>
              </value>
            </param>
            <param index="1">
              <value>
                <![CDATA["Registration Functionality"]]>
              </value>
            </param>
          </params>
          <reporter-output>
          </reporter-output>
        </test-method> <!-- runScenario -->
        <test-method signature="runScenario(io.cucumber.testng.PickleWrapper,io.cucumber.testng.FeatureWrapper)[pri:0, instance:runner.Runner@fbd1f6]" started-at="2024-04-10T18:03:45 IST" name="runScenario" description="Runs Cucumber Scenarios" data-provider="scenarios" finished-at="2024-04-10T18:03:56 IST" duration-ms="11621" status="PASS">
          <params>
            <param index="0">
              <value>
                <![CDATA["Verify and Validate the Registration functionality with all details"]]>
              </value>
            </param>
            <param index="1">
              <value>
                <![CDATA["Registration Functionality"]]>
              </value>
            </param>
          </params>
          <reporter-output>
          </reporter-output>
        </test-method> <!-- runScenario -->
        <test-method signature="runScenario(io.cucumber.testng.PickleWrapper,io.cucumber.testng.FeatureWrapper)[pri:0, instance:runner.Runner@fbd1f6]" started-at="2024-04-10T18:03:56 IST" name="runScenario" description="Runs Cucumber Scenarios" data-provider="scenarios" finished-at="2024-04-10T18:04:05 IST" duration-ms="8682" status="PASS">
          <params>
            <param index="0">
              <value>
                <![CDATA["Verify and Validate the search functionality with valid details"]]>
              </value>
            </param>
            <param index="1">
              <value>
                <![CDATA["Search Functionality"]]>
              </value>
            </param>
          </params>
          <reporter-output>
          </reporter-output>
        </test-method> <!-- runScenario -->
        <test-method signature="runScenario(io.cucumber.testng.PickleWrapper,io.cucumber.testng.FeatureWrapper)[pri:0, instance:runner.Runner@fbd1f6]" started-at="2024-04-10T18:04:05 IST" name="runScenario" description="Runs Cucumber Scenarios" data-provider="scenarios" finished-at="2024-04-10T18:04:13 IST" duration-ms="8212" status="PASS">
          <params>
            <param index="0">
              <value>
                <![CDATA["Verify and Validate the search functionality with Invalid details"]]>
              </value>
            </param>
            <param index="1">
              <value>
                <![CDATA["Search Functionality"]]>
              </value>
            </param>
          </params>
          <reporter-output>
          </reporter-output>
        </test-method> <!-- runScenario -->
        <test-method signature="runScenario(io.cucumber.testng.PickleWrapper,io.cucumber.testng.FeatureWrapper)[pri:0, instance:runner.Runner@fbd1f6]" started-at="2024-04-10T18:04:13 IST" name="runScenario" description="Runs Cucumber Scenarios" data-provider="scenarios" finished-at="2024-04-10T18:04:24 IST" duration-ms="10932" status="PASS">
          <params>
            <param index="0">
              <value>
                <![CDATA["Verify and Validate the search functionality without entering any details"]]>
              </value>
            </param>
            <param index="1">
              <value>
                <![CDATA["Search Functionality"]]>
              </value>
            </param>
          </params>
          <reporter-output>
          </reporter-output>
        </test-method> <!-- runScenario -->
        <test-method is-config="true" signature="tearDownClass()[pri:0, instance:runner.Runner@fbd1f6]" started-at="2024-04-10T18:04:24 IST" name="tearDownClass" finished-at="2024-04-10T18:04:24 IST" duration-ms="3" status="PASS">
          <reporter-output>
          </reporter-output>
        </test-method> <!-- tearDownClass -->
      </class> <!-- runner.Runner -->
    </test> <!-- Default test -->
  </suite> <!-- Default suite -->
</testng-results>
