<?xml version="1.0" encoding="UTF-8"?>
<testng-results ignored="0" total="12" passed="11" failed="1" skipped="0">
  <reporter-output>
  </reporter-output>
  <suite started-at="2024-07-21T15:55:04 IST" name="Default suite" finished-at="2024-07-21T15:56:33 IST" duration-ms="89036">
    <groups>
      <group name="cucumber">
        <method signature="AbstractTestNGCucumberTests.runScenario(io.cucumber.testng.PickleWrapper,io.cucumber.testng.FeatureWrapper)[pri:0, instance:runner.TestRunner@2a798d51]" name="runScenario" class="io.cucumber.testng.AbstractTestNGCucumberTests"/>
      </group> <!-- cucumber -->
    </groups>
    <test started-at="2024-07-21T15:55:04 IST" name="Default test" finished-at="2024-07-21T15:56:33 IST" duration-ms="89036">
      <class name="runner.TestRunner">
        <test-method is-config="true" signature="setUpClass(org.testng.ITestContext)[pri:0, instance:runner.TestRunner@2a798d51]" started-at="2024-07-21T15:55:04 IST" name="setUpClass" finished-at="2024-07-21T15:55:05 IST" duration-ms="964" status="PASS">
          <params>
            <param index="0">
              <value>
                <![CDATA[org.testng.TestRunner@379b4e86]]>
              </value>
            </param>
          </params>
          <reporter-output>
          </reporter-output>
        </test-method> <!-- setUpClass -->
        <test-method signature="runScenario(io.cucumber.testng.PickleWrapper,io.cucumber.testng.FeatureWrapper)[pri:0, instance:runner.TestRunner@2a798d51]" started-at="2024-07-21T15:55:05 IST" name="runScenario" description="Runs Cucumber Scenarios" data-provider="scenarios" finished-at="2024-07-21T15:55:12 IST" duration-ms="7508" status="PASS">
          <params>
            <param index="0">
              <value>
                <![CDATA["Verify and Validate the login functionality with valid credentials"]]>
              </value>
            </param>
            <param index="1">
              <value>
                <![CDATA["Login Functionality"]]>
              </value>
            </param>
          </params>
          <reporter-output>
          </reporter-output>
        </test-method> <!-- runScenario -->
        <test-method signature="runScenario(io.cucumber.testng.PickleWrapper,io.cucumber.testng.FeatureWrapper)[pri:0, instance:runner.TestRunner@2a798d51]" started-at="2024-07-21T15:55:12 IST" name="runScenario" description="Runs Cucumber Scenarios" data-provider="scenarios" finished-at="2024-07-21T15:55:17 IST" duration-ms="4774" status="PASS">
          <params>
            <param index="0">
              <value>
                <![CDATA["Verify and Validate the login functionality with invalid credentials"]]>
              </value>
            </param>
            <param index="1">
              <value>
                <![CDATA["Login Functionality"]]>
              </value>
            </param>
          </params>
          <reporter-output>
          </reporter-output>
        </test-method> <!-- runScenario -->
        <test-method signature="runScenario(io.cucumber.testng.PickleWrapper,io.cucumber.testng.FeatureWrapper)[pri:0, instance:runner.TestRunner@2a798d51]" started-at="2024-07-21T15:55:17 IST" name="runScenario" description="Runs Cucumber Scenarios" data-provider="scenarios" finished-at="2024-07-21T15:55:22 IST" duration-ms="4584" status="PASS">
          <params>
            <param index="0">
              <value>
                <![CDATA["Verify and Validate the login functionality with valid email and invalid password"]]>
              </value>
            </param>
            <param index="1">
              <value>
                <![CDATA["Login Functionality"]]>
              </value>
            </param>
          </params>
          <reporter-output>
          </reporter-output>
        </test-method> <!-- runScenario -->
        <test-method signature="runScenario(io.cucumber.testng.PickleWrapper,io.cucumber.testng.FeatureWrapper)[pri:0, instance:runner.TestRunner@2a798d51]" started-at="2024-07-21T15:55:22 IST" name="runScenario" description="Runs Cucumber Scenarios" data-provider="scenarios" finished-at="2024-07-21T15:55:26 IST" duration-ms="4510" status="PASS">
          <params>
            <param index="0">
              <value>
                <![CDATA["Verify and Validate the login functionality with invalid email and valid password"]]>
              </value>
            </param>
            <param index="1">
              <value>
                <![CDATA["Login Functionality"]]>
              </value>
            </param>
          </params>
          <reporter-output>
          </reporter-output>
        </test-method> <!-- runScenario -->
        <test-method signature="runScenario(io.cucumber.testng.PickleWrapper,io.cucumber.testng.FeatureWrapper)[pri:0, instance:runner.TestRunner@2a798d51]" started-at="2024-07-21T15:55:26 IST" name="runScenario" description="Runs Cucumber Scenarios" data-provider="scenarios" finished-at="2024-07-21T15:56:01 IST" duration-ms="34989" status="FAIL">
          <params>
            <param index="0">
              <value>
                <![CDATA["Verify and Validate the login functionality without entering any credentials"]]>
              </value>
            </param>
            <param index="1">
              <value>
                <![CDATA["Login Functionality"]]>
              </value>
            </param>
          </params>
          <exception class="java.lang.NullPointerException">
            <message>
              <![CDATA[Cannot invoke "Object.getClass()" because "exceptionDriver" is null]]>
            </message>
            <full-stacktrace>
              <![CDATA[java.lang.NullPointerException: Cannot invoke "Object.getClass()" because "exceptionDriver" is null
at org.openqa.selenium.support.ui.WebDriverWait.timeoutException(WebDriverWait.java:85)
at org.openqa.selenium.support.ui.FluentWait.until(FluentWait.java:228)
at utils.ElementsUtils.explicitWaitForVisibilityOfWebElements(ElementsUtils.java:43)
at utils.ElementsUtils.fetchTextUsinggetText(ElementsUtils.java:102)
at pages.MyAccountPage.editYourAccountInformationText(MyAccountPage.java:25)
at stepdefinations.Login.user_should_able_to_log_into_the_app_successfully(Login.java:57)
at ✽.user should able to log into the app successfully(file:///C:/Users/Rupesh/git/Rupeshkumar8792-Behaviour-Driven-Development-Cucumber-SeleniumJava-Framework/src/test/resources/features/Login.feature:36)
]]>
            </full-stacktrace>
          </exception> <!-- java.lang.NullPointerException -->
          <reporter-output>
          </reporter-output>
        </test-method> <!-- runScenario -->
        <test-method signature="runScenario(io.cucumber.testng.PickleWrapper,io.cucumber.testng.FeatureWrapper)[pri:0, instance:runner.TestRunner@2a798d51]" started-at="2024-07-21T15:56:01 IST" name="runScenario" description="Runs Cucumber Scenarios" data-provider="scenarios" finished-at="2024-07-21T15:56:07 IST" duration-ms="5841" status="PASS">
          <params>
            <param index="0">
              <value>
                <![CDATA["Verify and Validate the Registration functionality with mandatory details"]]>
              </value>
            </param>
            <param index="1">
              <value>
                <![CDATA["Registration Functionality"]]>
              </value>
            </param>
          </params>
          <reporter-output>
          </reporter-output>
        </test-method> <!-- runScenario -->
        <test-method signature="runScenario(io.cucumber.testng.PickleWrapper,io.cucumber.testng.FeatureWrapper)[pri:0, instance:runner.TestRunner@2a798d51]" started-at="2024-07-21T15:56:07 IST" name="runScenario" description="Runs Cucumber Scenarios" data-provider="scenarios" finished-at="2024-07-21T15:56:13 IST" duration-ms="5553" status="PASS">
          <params>
            <param index="0">
              <value>
                <![CDATA["Verify and Validate the Registration functionality with all details"]]>
              </value>
            </param>
            <param index="1">
              <value>
                <![CDATA["Registration Functionality"]]>
              </value>
            </param>
          </params>
          <reporter-output>
          </reporter-output>
        </test-method> <!-- runScenario -->
        <test-method signature="runScenario(io.cucumber.testng.PickleWrapper,io.cucumber.testng.FeatureWrapper)[pri:0, instance:runner.TestRunner@2a798d51]" started-at="2024-07-21T15:56:13 IST" name="runScenario" description="Runs Cucumber Scenarios" data-provider="scenarios" finished-at="2024-07-21T15:56:18 IST" duration-ms="5616" status="PASS">
          <params>
            <param index="0">
              <value>
                <![CDATA["Verify and Validate the Registration functionality by entering duplicate detail"]]>
              </value>
            </param>
            <param index="1">
              <value>
                <![CDATA["Registration Functionality"]]>
              </value>
            </param>
          </params>
          <reporter-output>
          </reporter-output>
        </test-method> <!-- runScenario -->
        <test-method signature="runScenario(io.cucumber.testng.PickleWrapper,io.cucumber.testng.FeatureWrapper)[pri:0, instance:runner.TestRunner@2a798d51]" started-at="2024-07-21T15:56:18 IST" name="runScenario" description="Runs Cucumber Scenarios" data-provider="scenarios" finished-at="2024-07-21T15:56:23 IST" duration-ms="4141" status="PASS">
          <params>
            <param index="0">
              <value>
                <![CDATA["Verify and Validate the registration functionality without entering any details"]]>
              </value>
            </param>
            <param index="1">
              <value>
                <![CDATA["Registration Functionality"]]>
              </value>
            </param>
          </params>
          <reporter-output>
          </reporter-output>
        </test-method> <!-- runScenario -->
        <test-method signature="runScenario(io.cucumber.testng.PickleWrapper,io.cucumber.testng.FeatureWrapper)[pri:0, instance:runner.TestRunner@2a798d51]" started-at="2024-07-21T15:56:23 IST" name="runScenario" description="Runs Cucumber Scenarios" data-provider="scenarios" finished-at="2024-07-21T15:56:26 IST" duration-ms="3160" status="PASS">
          <params>
            <param index="0">
              <value>
                <![CDATA["Verify and Validate the search functionality with valid details"]]>
              </value>
            </param>
            <param index="1">
              <value>
                <![CDATA["Search Functionality"]]>
              </value>
            </param>
          </params>
          <reporter-output>
          </reporter-output>
        </test-method> <!-- runScenario -->
        <test-method signature="runScenario(io.cucumber.testng.PickleWrapper,io.cucumber.testng.FeatureWrapper)[pri:0, instance:runner.TestRunner@2a798d51]" started-at="2024-07-21T15:56:26 IST" name="runScenario" description="Runs Cucumber Scenarios" data-provider="scenarios" finished-at="2024-07-21T15:56:29 IST" duration-ms="2953" status="PASS">
          <params>
            <param index="0">
              <value>
                <![CDATA["Verify and Validate the search functionality with Invalid details"]]>
              </value>
            </param>
            <param index="1">
              <value>
                <![CDATA["Search Functionality"]]>
              </value>
            </param>
          </params>
          <reporter-output>
          </reporter-output>
        </test-method> <!-- runScenario -->
        <test-method signature="runScenario(io.cucumber.testng.PickleWrapper,io.cucumber.testng.FeatureWrapper)[pri:0, instance:runner.TestRunner@2a798d51]" started-at="2024-07-21T15:56:29 IST" name="runScenario" description="Runs Cucumber Scenarios" data-provider="scenarios" finished-at="2024-07-21T15:56:31 IST" duration-ms="2724" status="PASS">
          <params>
            <param index="0">
              <value>
                <![CDATA["Verify and Validate the search functionality without entering any details"]]>
              </value>
            </param>
            <param index="1">
              <value>
                <![CDATA["Search Functionality"]]>
              </value>
            </param>
          </params>
          <reporter-output>
          </reporter-output>
        </test-method> <!-- runScenario -->
        <test-method is-config="true" signature="tearDownClass()[pri:0, instance:runner.TestRunner@2a798d51]" started-at="2024-07-21T15:56:31 IST" name="tearDownClass" finished-at="2024-07-21T15:56:33 IST" duration-ms="1635" status="PASS">
          <reporter-output>
          </reporter-output>
        </test-method> <!-- tearDownClass -->
      </class> <!-- runner.TestRunner -->
    </test> <!-- Default test -->
  </suite> <!-- Default suite -->
</testng-results>
