<?xml version="1.0" encoding="UTF-8"?>
<!-- Generated by org.testng.reporters.JUnitReportReporter -->
<testsuite hostname="IXEDLAP00809" failures="0" tests="12" name="runner.TestRunner" time="119.032" errors="1" timestamp="2024-04-15T07:38:37 IST" skipped="0">
  <testcase classname="runner.TestRunner" name="runScenario" time="6.519"/>
  <testcase classname="runner.TestRunner" name="runScenario" time="6.967"/>
  <testcase classname="runner.TestRunner" name="runScenario" time="7.029"/>
  <testcase classname="runner.TestRunner" name="runScenario" time="7.208"/>
  <testcase classname="runner.TestRunner" name="runScenario" time="8.339"/>
  <testcase classname="runner.TestRunner" name="runScenario" time="6.901"/>
  <testcase classname="runner.TestRunner" name="runScenario" time="7.558"/>
  <testcase classname="runner.TestRunner" name="runScenario" time="7.224"/>
  <testcase classname="runner.TestRunner" name="runScenario" time="37.307">
    <error message="Cannot invoke &quot;Object.getClass()&quot; because &quot;exceptionDriver&quot; is null" type="java.lang.NullPointerException">
      <![CDATA[java.lang.NullPointerException: Cannot invoke "Object.getClass()" because "exceptionDriver" is null
at org.openqa.selenium.support.ui.WebDriverWait.timeoutException(WebDriverWait.java:85)
at org.openqa.selenium.support.ui.FluentWait.until(FluentWait.java:228)
at utils.ElementsUtils.explicitWaitForVisibilityOfWebElements(ElementsUtils.java:43)
at utils.ElementsUtils.fetchTextUsinggetText(ElementsUtils.java:102)
at pages.MyAccountPage.editYourAccountInformationText(MyAccountPage.java:25)
at stepdefinations.Login.user_should_able_to_log_into_the_app_successfully(Login.java:57)
at ✽.user should able to log into the app successfully(file:///C:/Users/rupeshkumar.suryawan/eclipse-workspace/BDDCucumberSeleniumJava/src/test/resources/features/Login.feature:36)
]]>
    </error>
  </testcase> <!-- runScenario -->
  <testcase classname="runner.TestRunner" name="runScenario" time="7.712"/>
  <testcase classname="runner.TestRunner" name="runScenario" time="8.779"/>
  <testcase classname="runner.TestRunner" name="runScenario" time="7.489"/>
</testsuite> <!-- runner.TestRunner -->
