<?xml version="1.0" encoding="UTF-8"?>
<!-- Generated by org.testng.reporters.JUnitReportReporter -->
<testsuite hostname="IXEDLAP00809" failures="0" tests="12" name="runner.Runner" time="139.461" errors="1" timestamp="2024-04-13T12:01:29 IST" skipped="0">
  <testcase classname="runner.Runner" name="runScenario" time="6.843"/>
  <testcase classname="runner.Runner" name="runScenario" time="10.135"/>
  <testcase classname="runner.Runner" name="runScenario" time="10.241"/>
  <testcase classname="runner.Runner" name="runScenario" time="7.845"/>
  <testcase classname="runner.Runner" name="runScenario" time="12.341"/>
  <testcase classname="runner.Runner" name="runScenario" time="8.411"/>
  <testcase classname="runner.Runner" name="runScenario" time="8.510"/>
  <testcase classname="runner.Runner" name="runScenario" time="38.549">
    <error message="Cannot invoke &quot;Object.getClass()&quot; because &quot;exceptionDriver&quot; is null" type="java.lang.NullPointerException">
      <![CDATA[java.lang.NullPointerException: Cannot invoke "Object.getClass()" because "exceptionDriver" is null
at org.openqa.selenium.support.ui.WebDriverWait.timeoutException(WebDriverWait.java:85)
at org.openqa.selenium.support.ui.FluentWait.until(FluentWait.java:228)
at utils.ElementsUtils.explicitWaitForVisibilityOfWebElements(ElementsUtils.java:43)
at utils.ElementsUtils.fetchTextUsinggetText(ElementsUtils.java:102)
at pages.MyAccountPage.editYourAccountInformationText(MyAccountPage.java:25)
at stepdefinations.Login.user_should_able_to_log_into_the_app_successfully(Login.java:57)
at ✽.user should able to log into the app successfully(file:///C:/Users/rupeshkumar.suryawan/eclipse-workspace/BDDCucumberSeleniumJava/src/test/resources/features/Login.feature:36)
]]>
    </error>
  </testcase> <!-- runScenario -->
  <testcase classname="runner.Runner" name="runScenario" time="11.211"/>
  <testcase classname="runner.Runner" name="runScenario" time="7.559"/>
  <testcase classname="runner.Runner" name="runScenario" time="6.892"/>
  <testcase classname="runner.Runner" name="runScenario" time="10.924"/>
</testsuite> <!-- runner.Runner -->
