<?xml version="1.0" encoding="UTF-8"?>
<!-- Generated by org.testng.reporters.JUnitReportReporter -->
<testsuite hostname="DESKTOP-1UM3A2O" failures="0" tests="12" name="runner.TestRunner" time="86.353" errors="1" timestamp="2024-07-21T15:56:33 IST" skipped="0">
  <testcase classname="runner.TestRunner" name="runScenario" time="4.510"/>
  <system-out/>
  <testcase classname="runner.TestRunner" name="runScenario" time="5.841"/>
  <system-out/>
  <testcase classname="runner.TestRunner" name="runScenario" time="4.584"/>
  <system-out/>
  <testcase classname="runner.TestRunner" name="runScenario" time="5.616"/>
  <system-out/>
  <testcase classname="runner.TestRunner" name="runScenario" time="2.724"/>
  <system-out/>
  <testcase classname="runner.TestRunner" name="runScenario" time="4.141"/>
  <system-out/>
  <testcase classname="runner.TestRunner" name="runScenario" time="7.508"/>
  <system-out/>
  <testcase classname="runner.TestRunner" name="runScenario" time="34.989">
    <error message="Cannot invoke &quot;Object.getClass()&quot; because &quot;exceptionDriver&quot; is null" type="java.lang.NullPointerException">
      <![CDATA[java.lang.NullPointerException: Cannot invoke "Object.getClass()" because "exceptionDriver" is null
at org.openqa.selenium.support.ui.WebDriverWait.timeoutException(WebDriverWait.java:85)
at org.openqa.selenium.support.ui.FluentWait.until(FluentWait.java:228)
at utils.ElementsUtils.explicitWaitForVisibilityOfWebElements(ElementsUtils.java:43)
at utils.ElementsUtils.fetchTextUsinggetText(ElementsUtils.java:102)
at pages.MyAccountPage.editYourAccountInformationText(MyAccountPage.java:25)
at stepdefinations.Login.user_should_able_to_log_into_the_app_successfully(Login.java:57)
at ✽.user should able to log into the app successfully(file:///C:/Users/Rupesh/git/Rupeshkumar8792-Behaviour-Driven-Development-Cucumber-SeleniumJava-Framework/src/test/resources/features/Login.feature:36)
]]>
    </error>
  </testcase> <!-- runScenario -->
  <system-out/>
  <testcase classname="runner.TestRunner" name="runScenario" time="4.774"/>
  <system-out/>
  <testcase classname="runner.TestRunner" name="runScenario" time="5.553"/>
  <system-out/>
  <testcase classname="runner.TestRunner" name="runScenario" time="3.160"/>
  <system-out/>
  <testcase classname="runner.TestRunner" name="runScenario" time="2.953"/>
  <system-out/>
</testsuite> <!-- runner.TestRunner -->
