<?xml version="1.0" encoding="UTF-8"?>
<!-- Generated by org.testng.reporters.JUnitReportReporter -->
<testsuite hostname="IXEDLAP00809" failures="0" tests="12" name="runner.Runner" time="138.691" errors="4" timestamp="2024-04-12T21:54:20 IST" skipped="0">
  <testcase classname="runner.Runner" name="runScenario" time="13.127"/>
  <testcase classname="runner.Runner" name="runScenario" time="10.260">
    <error message="javascript error: {&quot;status&quot;:32,&quot;value&quot;:&quot;Unable to locate an element with the xpath expression //div[@id=\\\&quot;search\\\&quot;]//input because of the following error:\nSyntaxError: Failed to execute &#039;evaluate&#039; on &#039;Document&#039;: The string &#039;//div[@id=\\\&quot;search\\\&quot;]//input&#039; is not a valid XPath expression.&quot;}
  (Session info: chrome=123.0.6312.122)
Build info: version: &#039;4.19.1&#039;, revision: &#039;abe0ee07dc&#039;
System info: os.name: &#039;Windows 10&#039;, os.arch: &#039;amd64&#039;, os.version: &#039;10.0&#039;, java.version: &#039;17.0.9&#039;
Driver info: org.openqa.selenium.chrome.ChromeDriver
Command: [885395562559bf4c27661d9102c058e2, findElement {value=//div[@id=\&quot;search\&quot;]//input, using=xpath}]
Capabilities {acceptInsecureCerts: false, browserName: chrome, browserVersion: 123.0.6312.122, chrome: {chromedriverVersion: 123.0.6312.122 (31f8248cdd9..., userDataDir: C:\Users\RUPESH~1.SUR\AppDa...}, fedcm:accounts: true, goog:chromeOptions: {debuggerAddress: localhost:55758}, networkConnectionEnabled: false, pageLoadStrategy: normal, platformName: windows, proxy: Proxy(), se:cdp: ws://localhost:55758/devtoo..., se:cdpVersion: 123.0.6312.122, setWindowRect: true, strictFileInteractability: false, timeouts: {implicit: 0, pageLoad: 300000, script: 30000}, unhandledPromptBehavior: dismiss and notify, webauthn:extension:credBlob: true, webauthn:extension:largeBlob: true, webauthn:extension:minPinLength: true, webauthn:extension:prf: true, webauthn:virtualAuthenticators: true}
Session ID: 885395562559bf4c27661d9102c058e2" type="org.openqa.selenium.JavascriptException">
      <![CDATA[org.openqa.selenium.JavascriptException: javascript error: {"status":32,"value":"Unable to locate an element with the xpath expression //div[@id=\\\"search\\\"]//input because of the following error:\nSyntaxError: Failed to execute 'evaluate' on 'Document': The string '//div[@id=\\\"search\\\"]//input' is not a valid XPath expression."}
  (Session info: chrome=123.0.6312.122)
Build info: version: '4.19.1', revision: 'abe0ee07dc'
System info: os.name: 'Windows 10', os.arch: 'amd64', os.version: '10.0', java.version: '17.0.9'
Driver info: org.openqa.selenium.chrome.ChromeDriver
Command: [885395562559bf4c27661d9102c058e2, findElement {value=//div[@id=\"search\"]//input, using=xpath}]
Capabilities {acceptInsecureCerts: false, browserName: chrome, browserVersion: 123.0.6312.122, chrome: {chromedriverVersion: 123.0.6312.122 (31f8248cdd9..., userDataDir: C:\Users\RUPESH~1.SUR\AppDa...}, fedcm:accounts: true, goog:chromeOptions: {debuggerAddress: localhost:55758}, networkConnectionEnabled: false, pageLoadStrategy: normal, platformName: windows, proxy: Proxy(), se:cdp: ws://localhost:55758/devtoo..., se:cdpVersion: 123.0.6312.122, setWindowRect: true, strictFileInteractability: false, timeouts: {implicit: 0, pageLoad: 300000, script: 30000}, unhandledPromptBehavior: dismiss and notify, webauthn:extension:credBlob: true, webauthn:extension:largeBlob: true, webauthn:extension:minPinLength: true, webauthn:extension:prf: true, webauthn:virtualAuthenticators: true}
Session ID: 885395562559bf4c27661d9102c058e2
at java.base/jdk.internal.reflect.NativeConstructorAccessorImpl.newInstance0(Native Method)
at java.base/jdk.internal.reflect.NativeConstructorAccessorImpl.newInstance(NativeConstructorAccessorImpl.java:77)
at java.base/jdk.internal.reflect.DelegatingConstructorAccessorImpl.newInstance(DelegatingConstructorAccessorImpl.java:45)
at java.base/java.lang.reflect.Constructor.newInstanceWithCaller(Constructor.java:499)
at java.base/java.lang.reflect.Constructor.newInstance(Constructor.java:480)
at org.openqa.selenium.remote.ErrorCodec.decode(ErrorCodec.java:167)
at org.openqa.selenium.remote.codec.w3c.W3CHttpResponseCodec.decode(W3CHttpResponseCodec.java:138)
at org.openqa.selenium.remote.codec.w3c.W3CHttpResponseCodec.decode(W3CHttpResponseCodec.java:50)
at org.openqa.selenium.remote.HttpCommandExecutor.execute(HttpCommandExecutor.java:190)
at org.openqa.selenium.remote.service.DriverCommandExecutor.invokeExecute(DriverCommandExecutor.java:216)
at org.openqa.selenium.remote.service.DriverCommandExecutor.execute(DriverCommandExecutor.java:174)
at org.openqa.selenium.remote.RemoteWebDriver.execute(RemoteWebDriver.java:518)
at org.openqa.selenium.remote.ElementLocation$ElementFinder$2.findElement(ElementLocation.java:165)
at org.openqa.selenium.remote.ElementLocation.findElement(ElementLocation.java:59)
at org.openqa.selenium.remote.RemoteWebDriver.findElement(RemoteWebDriver.java:355)
at org.openqa.selenium.remote.RemoteWebDriver.findElement(RemoteWebDriver.java:349)
at org.openqa.selenium.support.pagefactory.DefaultElementLocator.findElement(DefaultElementLocator.java:68)
at org.openqa.selenium.support.pagefactory.internal.LocatingElementHandler.invoke(LocatingElementHandler.java:38)
at jdk.proxy2/jdk.proxy2.$Proxy23.sendKeys(Unknown Source)
at pages.HomePage.enterInSearchBox(HomePage.java:49)
at stepdefinations.Search.user_enter_the_invalid_product_into_the_search_bar(Search.java:37)
at ✽.User enter the invalid product "HONDA" into the search bar(file:///C:/Users/rupeshkumar.suryawan/eclipse-workspace/BDDCucumberSeleniumJava/src/test/resources/features/Search.feature:11)
]]>
    </error>
  </testcase> <!-- runScenario -->
  <testcase classname="runner.Runner" name="runScenario" time="9.871"/>
  <testcase classname="runner.Runner" name="runScenario" time="12.048"/>
  <testcase classname="runner.Runner" name="runScenario" time="13.258"/>
  <testcase classname="runner.Runner" name="runScenario" time="11.600"/>
  <testcase classname="runner.Runner" name="runScenario" time="9.281">
    <error message="javascript error: {&quot;status&quot;:32,&quot;value&quot;:&quot;Unable to locate an element with the xpath expression //div[@id=\\\&quot;search\\\&quot;]//input because of the following error:\nSyntaxError: Failed to execute &#039;evaluate&#039; on &#039;Document&#039;: The string &#039;//div[@id=\\\&quot;search\\\&quot;]//input&#039; is not a valid XPath expression.&quot;}
  (Session info: chrome=123.0.6312.122)
Build info: version: &#039;4.19.1&#039;, revision: &#039;abe0ee07dc&#039;
System info: os.name: &#039;Windows 10&#039;, os.arch: &#039;amd64&#039;, os.version: &#039;10.0&#039;, java.version: &#039;17.0.9&#039;
Driver info: org.openqa.selenium.chrome.ChromeDriver
Command: [d24d78dae99ef62764704bb1004ab7c0, findElement {value=//div[@id=\&quot;search\&quot;]//input, using=xpath}]
Capabilities {acceptInsecureCerts: false, browserName: chrome, browserVersion: 123.0.6312.122, chrome: {chromedriverVersion: 123.0.6312.122 (31f8248cdd9..., userDataDir: C:\Users\RUPESH~1.SUR\AppDa...}, fedcm:accounts: true, goog:chromeOptions: {debuggerAddress: localhost:55822}, networkConnectionEnabled: false, pageLoadStrategy: normal, platformName: windows, proxy: Proxy(), se:cdp: ws://localhost:55822/devtoo..., se:cdpVersion: 123.0.6312.122, setWindowRect: true, strictFileInteractability: false, timeouts: {implicit: 0, pageLoad: 300000, script: 30000}, unhandledPromptBehavior: dismiss and notify, webauthn:extension:credBlob: true, webauthn:extension:largeBlob: true, webauthn:extension:minPinLength: true, webauthn:extension:prf: true, webauthn:virtualAuthenticators: true}
Session ID: d24d78dae99ef62764704bb1004ab7c0" type="org.openqa.selenium.JavascriptException">
      <![CDATA[org.openqa.selenium.JavascriptException: javascript error: {"status":32,"value":"Unable to locate an element with the xpath expression //div[@id=\\\"search\\\"]//input because of the following error:\nSyntaxError: Failed to execute 'evaluate' on 'Document': The string '//div[@id=\\\"search\\\"]//input' is not a valid XPath expression."}
  (Session info: chrome=123.0.6312.122)
Build info: version: '4.19.1', revision: 'abe0ee07dc'
System info: os.name: 'Windows 10', os.arch: 'amd64', os.version: '10.0', java.version: '17.0.9'
Driver info: org.openqa.selenium.chrome.ChromeDriver
Command: [d24d78dae99ef62764704bb1004ab7c0, findElement {value=//div[@id=\"search\"]//input, using=xpath}]
Capabilities {acceptInsecureCerts: false, browserName: chrome, browserVersion: 123.0.6312.122, chrome: {chromedriverVersion: 123.0.6312.122 (31f8248cdd9..., userDataDir: C:\Users\RUPESH~1.SUR\AppDa...}, fedcm:accounts: true, goog:chromeOptions: {debuggerAddress: localhost:55822}, networkConnectionEnabled: false, pageLoadStrategy: normal, platformName: windows, proxy: Proxy(), se:cdp: ws://localhost:55822/devtoo..., se:cdpVersion: 123.0.6312.122, setWindowRect: true, strictFileInteractability: false, timeouts: {implicit: 0, pageLoad: 300000, script: 30000}, unhandledPromptBehavior: dismiss and notify, webauthn:extension:credBlob: true, webauthn:extension:largeBlob: true, webauthn:extension:minPinLength: true, webauthn:extension:prf: true, webauthn:virtualAuthenticators: true}
Session ID: d24d78dae99ef62764704bb1004ab7c0
at java.base/jdk.internal.reflect.NativeConstructorAccessorImpl.newInstance0(Native Method)
at java.base/jdk.internal.reflect.NativeConstructorAccessorImpl.newInstance(NativeConstructorAccessorImpl.java:77)
at java.base/jdk.internal.reflect.DelegatingConstructorAccessorImpl.newInstance(DelegatingConstructorAccessorImpl.java:45)
at java.base/java.lang.reflect.Constructor.newInstanceWithCaller(Constructor.java:499)
at java.base/java.lang.reflect.Constructor.newInstance(Constructor.java:480)
at org.openqa.selenium.remote.ErrorCodec.decode(ErrorCodec.java:167)
at org.openqa.selenium.remote.codec.w3c.W3CHttpResponseCodec.decode(W3CHttpResponseCodec.java:138)
at org.openqa.selenium.remote.codec.w3c.W3CHttpResponseCodec.decode(W3CHttpResponseCodec.java:50)
at org.openqa.selenium.remote.HttpCommandExecutor.execute(HttpCommandExecutor.java:190)
at org.openqa.selenium.remote.service.DriverCommandExecutor.invokeExecute(DriverCommandExecutor.java:216)
at org.openqa.selenium.remote.service.DriverCommandExecutor.execute(DriverCommandExecutor.java:174)
at org.openqa.selenium.remote.RemoteWebDriver.execute(RemoteWebDriver.java:518)
at org.openqa.selenium.remote.ElementLocation$ElementFinder$2.findElement(ElementLocation.java:165)
at org.openqa.selenium.remote.ElementLocation.findElement(ElementLocation.java:59)
at org.openqa.selenium.remote.RemoteWebDriver.findElement(RemoteWebDriver.java:355)
at org.openqa.selenium.remote.RemoteWebDriver.findElement(RemoteWebDriver.java:349)
at org.openqa.selenium.support.pagefactory.DefaultElementLocator.findElement(DefaultElementLocator.java:68)
at org.openqa.selenium.support.pagefactory.internal.LocatingElementHandler.invoke(LocatingElementHandler.java:38)
at jdk.proxy2/jdk.proxy2.$Proxy23.sendKeys(Unknown Source)
at pages.HomePage.enterInSearchBox(HomePage.java:49)
at stepdefinations.Search.user_does_not_enter_the_any_product_into_the_search_bar(Search.java:72)
at ✽.User does not enter the any product into the search bar(file:///C:/Users/rupeshkumar.suryawan/eclipse-workspace/BDDCucumberSeleniumJava/src/test/resources/features/Search.feature:17)
]]>
    </error>
  </testcase> <!-- runScenario -->
  <testcase classname="runner.Runner" name="runScenario" time="11.328"/>
  <testcase classname="runner.Runner" name="runScenario" time="8.372"/>
  <testcase classname="runner.Runner" name="runScenario" time="10.322">
    <error message="javascript error: {&quot;status&quot;:32,&quot;value&quot;:&quot;Unable to locate an element with the xpath expression //div[@id=\\\&quot;search\\\&quot;]//input because of the following error:\nSyntaxError: Failed to execute &#039;evaluate&#039; on &#039;Document&#039;: The string &#039;//div[@id=\\\&quot;search\\\&quot;]//input&#039; is not a valid XPath expression.&quot;}
  (Session info: chrome=123.0.6312.122)
Build info: version: &#039;4.19.1&#039;, revision: &#039;abe0ee07dc&#039;
System info: os.name: &#039;Windows 10&#039;, os.arch: &#039;amd64&#039;, os.version: &#039;10.0&#039;, java.version: &#039;17.0.9&#039;
Driver info: org.openqa.selenium.chrome.ChromeDriver
Command: [a87168eca1ba41e5a8eaed0c9ffe6828, findElement {value=//div[@id=\&quot;search\&quot;]//input, using=xpath}]
Capabilities {acceptInsecureCerts: false, browserName: chrome, browserVersion: 123.0.6312.122, chrome: {chromedriverVersion: 123.0.6312.122 (31f8248cdd9..., userDataDir: C:\Users\RUPESH~1.SUR\AppDa...}, fedcm:accounts: true, goog:chromeOptions: {debuggerAddress: localhost:55684}, networkConnectionEnabled: false, pageLoadStrategy: normal, platformName: windows, proxy: Proxy(), se:cdp: ws://localhost:55684/devtoo..., se:cdpVersion: 123.0.6312.122, setWindowRect: true, strictFileInteractability: false, timeouts: {implicit: 0, pageLoad: 300000, script: 30000}, unhandledPromptBehavior: dismiss and notify, webauthn:extension:credBlob: true, webauthn:extension:largeBlob: true, webauthn:extension:minPinLength: true, webauthn:extension:prf: true, webauthn:virtualAuthenticators: true}
Session ID: a87168eca1ba41e5a8eaed0c9ffe6828" type="org.openqa.selenium.JavascriptException">
      <![CDATA[org.openqa.selenium.JavascriptException: javascript error: {"status":32,"value":"Unable to locate an element with the xpath expression //div[@id=\\\"search\\\"]//input because of the following error:\nSyntaxError: Failed to execute 'evaluate' on 'Document': The string '//div[@id=\\\"search\\\"]//input' is not a valid XPath expression."}
  (Session info: chrome=123.0.6312.122)
Build info: version: '4.19.1', revision: 'abe0ee07dc'
System info: os.name: 'Windows 10', os.arch: 'amd64', os.version: '10.0', java.version: '17.0.9'
Driver info: org.openqa.selenium.chrome.ChromeDriver
Command: [a87168eca1ba41e5a8eaed0c9ffe6828, findElement {value=//div[@id=\"search\"]//input, using=xpath}]
Capabilities {acceptInsecureCerts: false, browserName: chrome, browserVersion: 123.0.6312.122, chrome: {chromedriverVersion: 123.0.6312.122 (31f8248cdd9..., userDataDir: C:\Users\RUPESH~1.SUR\AppDa...}, fedcm:accounts: true, goog:chromeOptions: {debuggerAddress: localhost:55684}, networkConnectionEnabled: false, pageLoadStrategy: normal, platformName: windows, proxy: Proxy(), se:cdp: ws://localhost:55684/devtoo..., se:cdpVersion: 123.0.6312.122, setWindowRect: true, strictFileInteractability: false, timeouts: {implicit: 0, pageLoad: 300000, script: 30000}, unhandledPromptBehavior: dismiss and notify, webauthn:extension:credBlob: true, webauthn:extension:largeBlob: true, webauthn:extension:minPinLength: true, webauthn:extension:prf: true, webauthn:virtualAuthenticators: true}
Session ID: a87168eca1ba41e5a8eaed0c9ffe6828
at java.base/jdk.internal.reflect.NativeConstructorAccessorImpl.newInstance0(Native Method)
at java.base/jdk.internal.reflect.NativeConstructorAccessorImpl.newInstance(NativeConstructorAccessorImpl.java:77)
at java.base/jdk.internal.reflect.DelegatingConstructorAccessorImpl.newInstance(DelegatingConstructorAccessorImpl.java:45)
at java.base/java.lang.reflect.Constructor.newInstanceWithCaller(Constructor.java:499)
at java.base/java.lang.reflect.Constructor.newInstance(Constructor.java:480)
at org.openqa.selenium.remote.ErrorCodec.decode(ErrorCodec.java:167)
at org.openqa.selenium.remote.codec.w3c.W3CHttpResponseCodec.decode(W3CHttpResponseCodec.java:138)
at org.openqa.selenium.remote.codec.w3c.W3CHttpResponseCodec.decode(W3CHttpResponseCodec.java:50)
at org.openqa.selenium.remote.HttpCommandExecutor.execute(HttpCommandExecutor.java:190)
at org.openqa.selenium.remote.service.DriverCommandExecutor.invokeExecute(DriverCommandExecutor.java:216)
at org.openqa.selenium.remote.service.DriverCommandExecutor.execute(DriverCommandExecutor.java:174)
at org.openqa.selenium.remote.RemoteWebDriver.execute(RemoteWebDriver.java:518)
at org.openqa.selenium.remote.ElementLocation$ElementFinder$2.findElement(ElementLocation.java:165)
at org.openqa.selenium.remote.ElementLocation.findElement(ElementLocation.java:59)
at org.openqa.selenium.remote.RemoteWebDriver.findElement(RemoteWebDriver.java:355)
at org.openqa.selenium.remote.RemoteWebDriver.findElement(RemoteWebDriver.java:349)
at org.openqa.selenium.support.pagefactory.DefaultElementLocator.findElement(DefaultElementLocator.java:68)
at org.openqa.selenium.support.pagefactory.internal.LocatingElementHandler.invoke(LocatingElementHandler.java:38)
at jdk.proxy2/jdk.proxy2.$Proxy23.sendKeys(Unknown Source)
at pages.HomePage.enterInSearchBox(HomePage.java:49)
at stepdefinations.Search.user_enter_the_valid_product_into_the_search_bar(Search.java:29)
at ✽.User enter the valid product "HP" into the search bar(file:///C:/Users/rupeshkumar.suryawan/eclipse-workspace/BDDCucumberSeleniumJava/src/test/resources/features/Search.feature:5)
]]>
    </error>
  </testcase> <!-- runScenario -->
  <testcase classname="runner.Runner" name="runScenario" time="9.925"/>
  <testcase classname="runner.Runner" name="runScenario" time="19.299">
    <error message="no such element: Unable to locate element: {&quot;method&quot;:&quot;xpath&quot;,&quot;selector&quot;:&quot;//a[text()=&#039;Edit your account information&#039;]&quot;}
  (Session info: chrome=123.0.6312.122)
For documentation on this error, please visit: https://www.selenium.dev/documentation/webdriver/troubleshooting/errors#no-such-element-exception
Build info: version: &#039;4.19.1&#039;, revision: &#039;abe0ee07dc&#039;
System info: os.name: &#039;Windows 10&#039;, os.arch: &#039;amd64&#039;, os.version: &#039;10.0&#039;, java.version: &#039;17.0.9&#039;
Driver info: org.openqa.selenium.chrome.ChromeDriver
Command: [029035c43d2a048ec276b8c9cce4bc8c, findElement {value=//a[text()=&#039;Edit your account information&#039;], using=xpath}]
Capabilities {acceptInsecureCerts: false, browserName: chrome, browserVersion: 123.0.6312.122, chrome: {chromedriverVersion: 123.0.6312.122 (31f8248cdd9..., userDataDir: C:\Users\RUPESH~1.SUR\AppDa...}, fedcm:accounts: true, goog:chromeOptions: {debuggerAddress: localhost:53827}, networkConnectionEnabled: false, pageLoadStrategy: normal, platformName: windows, proxy: Proxy(), se:cdp: ws://localhost:53827/devtoo..., se:cdpVersion: 123.0.6312.122, setWindowRect: true, strictFileInteractability: false, timeouts: {implicit: 0, pageLoad: 300000, script: 30000}, unhandledPromptBehavior: dismiss and notify, webauthn:extension:credBlob: true, webauthn:extension:largeBlob: true, webauthn:extension:minPinLength: true, webauthn:extension:prf: true, webauthn:virtualAuthenticators: true}
Session ID: 029035c43d2a048ec276b8c9cce4bc8c" type="org.openqa.selenium.NoSuchElementException">
      <![CDATA[org.openqa.selenium.NoSuchElementException: no such element: Unable to locate element: {"method":"xpath","selector":"//a[text()='Edit your account information']"}
  (Session info: chrome=123.0.6312.122)
For documentation on this error, please visit: https://www.selenium.dev/documentation/webdriver/troubleshooting/errors#no-such-element-exception
Build info: version: '4.19.1', revision: 'abe0ee07dc'
System info: os.name: 'Windows 10', os.arch: 'amd64', os.version: '10.0', java.version: '17.0.9'
Driver info: org.openqa.selenium.chrome.ChromeDriver
Command: [029035c43d2a048ec276b8c9cce4bc8c, findElement {value=//a[text()='Edit your account information'], using=xpath}]
Capabilities {acceptInsecureCerts: false, browserName: chrome, browserVersion: 123.0.6312.122, chrome: {chromedriverVersion: 123.0.6312.122 (31f8248cdd9..., userDataDir: C:\Users\RUPESH~1.SUR\AppDa...}, fedcm:accounts: true, goog:chromeOptions: {debuggerAddress: localhost:53827}, networkConnectionEnabled: false, pageLoadStrategy: normal, platformName: windows, proxy: Proxy(), se:cdp: ws://localhost:53827/devtoo..., se:cdpVersion: 123.0.6312.122, setWindowRect: true, strictFileInteractability: false, timeouts: {implicit: 0, pageLoad: 300000, script: 30000}, unhandledPromptBehavior: dismiss and notify, webauthn:extension:credBlob: true, webauthn:extension:largeBlob: true, webauthn:extension:minPinLength: true, webauthn:extension:prf: true, webauthn:virtualAuthenticators: true}
Session ID: 029035c43d2a048ec276b8c9cce4bc8c
at java.base/jdk.internal.reflect.NativeConstructorAccessorImpl.newInstance0(Native Method)
at java.base/jdk.internal.reflect.NativeConstructorAccessorImpl.newInstance(NativeConstructorAccessorImpl.java:77)
at java.base/jdk.internal.reflect.DelegatingConstructorAccessorImpl.newInstance(DelegatingConstructorAccessorImpl.java:45)
at java.base/java.lang.reflect.Constructor.newInstanceWithCaller(Constructor.java:499)
at java.base/java.lang.reflect.Constructor.newInstance(Constructor.java:480)
at org.openqa.selenium.remote.ErrorCodec.decode(ErrorCodec.java:167)
at org.openqa.selenium.remote.codec.w3c.W3CHttpResponseCodec.decode(W3CHttpResponseCodec.java:138)
at org.openqa.selenium.remote.codec.w3c.W3CHttpResponseCodec.decode(W3CHttpResponseCodec.java:50)
at org.openqa.selenium.remote.HttpCommandExecutor.execute(HttpCommandExecutor.java:190)
at org.openqa.selenium.remote.service.DriverCommandExecutor.invokeExecute(DriverCommandExecutor.java:216)
at org.openqa.selenium.remote.service.DriverCommandExecutor.execute(DriverCommandExecutor.java:174)
at org.openqa.selenium.remote.RemoteWebDriver.execute(RemoteWebDriver.java:518)
at org.openqa.selenium.remote.ElementLocation$ElementFinder$2.findElement(ElementLocation.java:165)
at org.openqa.selenium.remote.ElementLocation.findElement(ElementLocation.java:59)
at org.openqa.selenium.remote.RemoteWebDriver.findElement(RemoteWebDriver.java:355)
at org.openqa.selenium.remote.RemoteWebDriver.findElement(RemoteWebDriver.java:349)
at org.openqa.selenium.support.pagefactory.DefaultElementLocator.findElement(DefaultElementLocator.java:68)
at org.openqa.selenium.support.pagefactory.internal.LocatingElementHandler.invoke(LocatingElementHandler.java:38)
at jdk.proxy2/jdk.proxy2.$Proxy23.getText(Unknown Source)
at pages.MyAccountPage.editYourAccountInformationText(MyAccountPage.java:22)
at stepdefinations.Login.user_should_able_to_log_into_the_app_successfully(Login.java:61)
at ✽.user should able to log into the app successfully(file:///C:/Users/rupeshkumar.suryawan/eclipse-workspace/BDDCucumberSeleniumJava/src/test/resources/features/Login.feature:36)
]]>
    </error>
  </testcase> <!-- runScenario -->
</testsuite> <!-- runner.Runner -->
